{"level":"http","message":"POST /employee/login 200 361 - 2674.281 ms","timestamp":"2024-01-25T16:54:27.051Z"}
{"level":"http","message":"POST /employee/login 200 361 - 1538.721 ms","timestamp":"2024-01-25T17:03:01.865Z"}
{"level":"http","message":"POST /employee/login 200 361 - 422.104 ms","timestamp":"2024-01-25T17:03:51.025Z"}
{"level":"http","message":"POST /employee/login 200 134 - 2543.589 ms","timestamp":"2024-01-25T17:06:02.819Z"}
{"level":"http","message":"POST /employee/login 200 134 - 10706.728 ms","timestamp":"2024-01-25T17:07:25.610Z"}
{"level":"http","message":"POST /employee/login 200 134 - 2721.777 ms","timestamp":"2024-01-25T17:09:50.847Z"}
{"level":"http","message":"GET /order/get 400 18 - 1.504 ms","timestamp":"2024-01-25T17:10:17.375Z"}
{"level":"http","message":"GET /order/get 400 18 - 5.551 ms","timestamp":"2024-01-25T17:11:25.773Z"}
{"level":"http","message":"GET /order/get 400 2 - 5.221 ms","timestamp":"2024-01-25T17:11:46.462Z"}
{"level":"http","message":"GET /order/get 400 2 - 1.576 ms","timestamp":"2024-01-25T17:11:48.720Z"}
{"level":"http","message":"GET /order/get 400 2 - 0.538 ms","timestamp":"2024-01-25T17:11:55.670Z"}
{"level":"http","message":"GET /order/get 400 2 - 1.254 ms","timestamp":"2024-01-25T17:12:15.733Z"}
{"level":"http","message":"GET /order/get 400 2 - 11.710 ms","timestamp":"2024-01-25T17:12:35.314Z"}
{"level":"http","message":"GET /order/get 400 18 - 6.103 ms","timestamp":"2024-01-25T17:13:29.402Z"}
{"level":"http","message":"GET /order/get 400 2 - 12.447 ms","timestamp":"2024-01-25T17:14:20.300Z"}
{"level":"http","message":"GET /order/get 400 18 - 5.241 ms","timestamp":"2024-01-25T17:14:42.921Z"}
{"level":"http","message":"GET /order/get 400 18 - 1.731 ms","timestamp":"2024-01-25T17:14:44.970Z"}
{"level":"http","message":"GET /order/get 400 2 - 13.200 ms","timestamp":"2024-01-25T17:16:30.589Z"}
{"level":"http","message":"GET /order/get 400 2 - 6.047 ms","timestamp":"2024-01-25T17:16:39.161Z"}
{"level":"http","message":"POST /employee/login 200 134 - 2389.972 ms","timestamp":"2024-01-25T17:19:13.884Z"}
{"level":"http","message":"GET /order/get 400 2 - 10.058 ms","timestamp":"2024-01-25T17:19:23.243Z"}
{"level":"http","message":"GET /order/get 400 2 - 11.312 ms","timestamp":"2024-01-25T17:20:22.485Z"}
{"level":"http","message":"GET /order/get 400 54 - 17.890 ms","timestamp":"2024-01-25T17:23:05.615Z"}
{"level":"http","message":"POST /employee/login 200 134 - 2424.586 ms","timestamp":"2024-01-25T17:23:36.072Z"}
{"level":"http","message":"GET /order/get 400 54 - 5.116 ms","timestamp":"2024-01-25T17:23:42.389Z"}
{"level":"http","message":"GET /order/get 400 54 - 18.403 ms","timestamp":"2024-01-25T17:25:14.884Z"}
{"level":"http","message":"GET /order/get 400 2 - 10048.163 ms","timestamp":"2024-01-25T17:26:08.351Z"}
{"level":"http","message":"GET /order/get 200 32551 - 934.694 ms","timestamp":"2024-01-25T17:26:33.550Z"}
{"level":"http","message":"POST /manager/login 400 111 - 30099.772 ms","timestamp":"2024-01-25T17:28:02.785Z"}
{"level":"http","message":"POST /manager/login 200 136 - 2769.236 ms","timestamp":"2024-01-26T03:52:41.437Z"}
{"level":"http","message":"POST /manager/login 200 136 - 344.025 ms","timestamp":"2024-01-26T03:52:51.125Z"}
{"level":"http","message":"POST /order/add 500 35 - 435.863 ms","timestamp":"2024-01-26T03:53:12.198Z"}
{"level":"http","message":"POST /order/add 500 35 - 3795.745 ms","timestamp":"2024-01-26T03:56:05.175Z"}
{"level":"http","message":"POST /order/add 500 35 - 458.126 ms","timestamp":"2024-01-26T03:56:42.920Z"}
{"level":"http","message":"POST /order/add 500 35 - 471.308 ms","timestamp":"2024-01-26T03:57:06.980Z"}
{"level":"http","message":"POST /employee/login 200 134 - 2455.180 ms","timestamp":"2024-01-26T04:00:34.471Z"}
{"level":"http","message":"POST /order/add 200 727 - 7049.272 ms","timestamp":"2024-01-26T04:01:02.656Z"}
{"level":"http","message":"POST /order/add 200 727 - 5830.474 ms","timestamp":"2024-01-26T04:01:53.874Z"}
{"level":"http","message":"POST /employee/login 200 134 - 2448.671 ms","timestamp":"2024-01-26T04:02:07.944Z"}
{"level":"http","message":"POST /employee/login 200 134 - 2895.410 ms","timestamp":"2024-01-26T04:07:39.696Z"}
{"level":"http","message":"POST /employee/login 200 134 - 2493.092 ms","timestamp":"2024-01-26T04:08:16.874Z"}
{"level":"http","message":"POST /employee/login 200 134 - 25805.925 ms","timestamp":"2024-01-26T04:54:22.607Z"}
{"level":"http","message":"POST /employee/login 200 134 - 2743.541 ms","timestamp":"2024-01-26T04:55:33.879Z"}
{"level":"http","message":"POST /employee/login 200 134 - 561.305 ms","timestamp":"2024-01-26T04:56:16.543Z"}
{"level":"http","message":"POST /employee/login 200 134 - 4262.359 ms","timestamp":"2024-01-26T04:56:35.165Z"}
{"level":"http","message":"POST /employee/login 200 134 - 4750.916 ms","timestamp":"2024-01-26T04:57:12.723Z"}
{"level":"http","message":"POST /employee/login 200 134 - 1803.411 ms","timestamp":"2024-01-26T05:25:54.498Z"}
{"level":"http","message":"POST /employee/login 200 134 - 2552.881 ms","timestamp":"2024-01-26T10:18:25.684Z"}
{"level":"http","message":"POST /employee/login 200 134 - 377.746 ms","timestamp":"2024-01-26T10:20:27.190Z"}
{"level":"http","message":"POST /employee/login 200 134 - 4330.407 ms","timestamp":"2024-01-26T10:26:33.145Z"}
{"level":"http","message":"POST /employee/login 200 134 - 3117.905 ms","timestamp":"2024-01-26T10:29:50.646Z"}
{"level":"http","message":"POST /employee/login 200 134 - 3143.765 ms","timestamp":"2024-01-26T10:31:50.663Z"}
{"level":"http","message":"POST /employee/login 200 134 - 718.712 ms","timestamp":"2024-01-26T10:32:17.330Z"}
{"level":"http","message":"POST /employee/login 200 134 - 6452.172 ms","timestamp":"2024-01-26T10:34:53.263Z"}
{"level":"http","message":"POST /employee/login 200 134 - 7166.590 ms","timestamp":"2024-01-26T10:42:42.104Z"}
{"level":"http","message":"POST /employee/login 400 101 - 36030.182 ms","timestamp":"2024-01-26T10:44:27.509Z"}
{"level":"http","message":"POST /employee/login 400 131 - 10258.950 ms","timestamp":"2024-01-26T10:48:57.373Z"}
{"level":"http","message":"POST /employee/login 200 134 - 2709.876 ms","timestamp":"2024-01-26T10:49:47.710Z"}
{"level":"http","message":"POST /employee/login 200 134 - 14572.398 ms","timestamp":"2024-01-26T10:51:48.780Z"}
{"level":"http","message":"POST /employee/login 400 90 - 32025.717 ms","timestamp":"2024-01-26T10:57:30.762Z"}
{"level":"http","message":"POST /employee/login 200 134 - 2842.660 ms","timestamp":"2024-01-26T10:58:16.393Z"}
{"level":"http","message":"POST /employee/login 200 134 - 1638.262 ms","timestamp":"2024-01-26T12:25:24.311Z"}
{"level":"http","message":"POST /employee/login 400 131 - 10055.968 ms","timestamp":"2024-01-26T12:26:01.907Z"}
{"level":"http","message":"POST /employee/login 200 134 - 2848.074 ms","timestamp":"2024-01-26T12:26:18.606Z"}
{"level":"http","message":"POST /employee/login 200 134 - 2685.386 ms","timestamp":"2024-01-26T13:02:12.668Z"}
{"level":"http","message":"POST /employee/login 200 134 - 2704.867 ms","timestamp":"2024-01-26T13:56:35.962Z"}
{"level":"http","message":"POST /employee/login 200 134 - 6011.688 ms","timestamp":"2024-01-26T14:03:18.624Z"}
{"level":"http","message":"POST /employee/login 200 134 - 2544.089 ms","timestamp":"2024-01-26T14:07:57.546Z"}
{"level":"http","message":"POST /employee/login 200 134 - 2631.974 ms","timestamp":"2024-01-26T14:13:49.031Z"}
{"level":"http","message":"POST /employee/login 200 134 - 3403.444 ms","timestamp":"2024-01-26T14:15:06.898Z"}
{"level":"http","message":"POST /employee/login 200 134 - 2634.472 ms","timestamp":"2024-01-26T14:15:37.299Z"}
{"level":"http","message":"POST /employee/login 200 134 - 586.281 ms","timestamp":"2024-01-26T14:15:47.010Z"}
{"level":"http","message":"POST /employee/login 200 134 - 3098.652 ms","timestamp":"2024-01-26T14:17:45.076Z"}
{"level":"http","message":"POST /employee/login 200 134 - 3055.625 ms","timestamp":"2024-01-26T14:19:31.528Z"}
{"level":"http","message":"POST /employee/login - - - - ms","timestamp":"2024-01-26T14:27:45.246Z"}
{"level":"http","message":"POST /employee/login 400 90 - 7040.859 ms","timestamp":"2024-01-26T14:27:53.317Z"}
{"level":"http","message":"POST /employee/login 200 134 - 2810.792 ms","timestamp":"2024-01-26T14:28:00.297Z"}
{"level":"http","message":"GET /order/get 200 33871 - 1143.677 ms","timestamp":"2024-01-26T14:28:14.164Z"}
{"level":"http","message":"POST /employee/login 200 95 - 3.849 ms","timestamp":"2024-01-26T14:30:35.300Z"}
{"level":"http","message":"GET /order/get 400 18 - 2.772 ms","timestamp":"2024-01-26T14:30:44.197Z"}
{"level":"http","message":"GET /order/get 400 18 - 6.311 ms","timestamp":"2024-01-26T15:59:39.230Z"}
{"level":"http","message":"POST /employee/login 400 131 - 10090.364 ms","timestamp":"2024-01-26T15:59:51.419Z"}
{"level":"http","message":"POST /employee/login 200 134 - 2697.087 ms","timestamp":"2024-01-26T16:00:08.307Z"}
{"level":"http","message":"GET /role/get 200 533 - 270.676 ms","timestamp":"2024-01-30T05:32:33.144Z"}
{"level":"http","message":"GET /role/get 200 533 - 215.963 ms","timestamp":"2024-01-30T05:33:18.821Z"}
{"level":"http","message":"GET /role/get 200 533 - 223.010 ms","timestamp":"2024-01-30T05:33:56.161Z"}
{"level":"http","message":"GET /role/get 200 533 - 217.231 ms","timestamp":"2024-01-30T05:41:38.311Z"}
{"level":"http","message":"POST /manager/signup 200 328 - 542.675 ms","timestamp":"2024-01-30T06:25:28.822Z"}
{"level":"http","message":"POST /manager/signup 200 328 - 820.351 ms","timestamp":"2024-01-30T06:31:04.873Z"}
{"level":"http","message":"POST /manager/signup 400 24 - 223.346 ms","timestamp":"2024-01-30T06:32:13.903Z"}
{"level":"http","message":"POST /manager/signup 200 328 - 646.995 ms","timestamp":"2024-01-30T06:34:28.452Z"}
{"level":"http","message":"POST /manager/login 200 136 - 2858.480 ms","timestamp":"2024-01-30T06:35:41.375Z"}
{"level":"http","message":"POST /order/add 500 35 - 1584.301 ms","timestamp":"2024-01-30T07:17:31.434Z"}
{"level":"http","message":"POST /manager/signup 200 328 - 661.426 ms","timestamp":"2024-01-30T07:52:16.179Z"}
{"level":"http","message":"POST /manager/signup 400 24 - 211.083 ms","timestamp":"2024-01-30T07:57:15.692Z"}
{"level":"http","message":"POST /manager/signup 400 24 - 208.678 ms","timestamp":"2024-01-30T07:59:23.730Z"}
{"level":"http","message":"POST /manager/signup 200 328 - 662.929 ms","timestamp":"2024-01-30T08:00:52.775Z"}
{"level":"http","message":"POST /manager/signup 400 319 - 437.759 ms","timestamp":"2024-01-30T08:07:25.010Z"}
{"level":"http","message":"POST /manager/signup 400 319 - 483.890 ms","timestamp":"2024-01-30T08:09:11.778Z"}
{"level":"http","message":"POST /manager/signup 400 319 - 431.450 ms","timestamp":"2024-01-30T08:10:28.930Z"}
{"level":"http","message":"POST /manager/signup 200 328 - 869.636 ms","timestamp":"2024-01-30T08:15:26.629Z"}
{"level":"http","message":"GET /role/get 200 533 - 222.809 ms","timestamp":"2024-01-30T08:21:18.940Z"}
{"level":"http","message":"GET /role/getSpecificRole/6567a0c5ed3eab74e96ad3a7 200 25 - 4.366 ms","timestamp":"2024-01-30T09:00:19.736Z"}
{"level":"http","message":"GET /role/getSpecificRole/6567a0c5ed3eab74e96ad3a7 200 25 - 1.129 ms","timestamp":"2024-01-30T09:00:30.815Z"}
{"level":"http","message":"GET /role/getSpecificRole/6567a0c5ed3eab74e96ad3a7 200 25 - 0.593 ms","timestamp":"2024-01-30T09:01:32.672Z"}
{"level":"http","message":"GET /role/getSpecificRole/6567a0c5ed3eab74e96ad3a7 400 18 - 7.330 ms","timestamp":"2024-01-30T09:02:42.105Z"}
{"level":"http","message":"GET /role/getSpecificRole/6567a0c5ed3eab74e96ad3a7 200 221 - 256.479 ms","timestamp":"2024-01-30T09:03:15.973Z"}
{"level":"http","message":"GET /role/getSpecificRole/6567a0c5ed3eab74e96ad3a7 200 221 - 219.619 ms","timestamp":"2024-01-30T09:11:10.691Z"}
{"level":"http","message":"GET /role/getSpecificRole/6567a0c5ed3eab74e96ad3a7 200 221 - 215.569 ms","timestamp":"2024-01-30T09:11:46.240Z"}
{"level":"http","message":"GET /role/getSpecificRole/6567a0c5ed3eab74e96ad3a7 200 221 - 218.794 ms","timestamp":"2024-01-30T09:13:02.125Z"}
{"level":"http","message":"GET /role/getSpecificRole/6567a0c5ed3eab74e96ad3a7 200 221 - 218.537 ms","timestamp":"2024-01-30T09:13:51.406Z"}
{"level":"http","message":"GET /role/getSpecificRole/6567a0c5ed3eab74e96ad3a7 200 221 - 216.331 ms","timestamp":"2024-01-30T09:15:20.709Z"}
{"level":"http","message":"POST /employee/submitOtp/employee 200 25 - 1.235 ms","timestamp":"2024-01-30T09:16:00.322Z"}
{"level":"http","message":"POST /employee/submitOtp/employee 200 25 - 0.978 ms","timestamp":"2024-01-30T09:17:43.983Z"}
{"level":"http","message":"POST /employee/submitOtp/employee 200 25 - 0.425 ms","timestamp":"2024-01-30T09:45:27.887Z"}
{"level":"http","message":"POST /employee/submitOtp/employee 200 25 - 0.455 ms","timestamp":"2024-01-30T09:45:29.352Z"}
{"level":"http","message":"POST /employee/submitOtp/employee 200 25 - 0.658 ms","timestamp":"2024-01-30T09:45:45.201Z"}
{"level":"http","message":"POST /employee/signup 400 18 - 1.358 ms","timestamp":"2024-01-30T09:46:21.191Z"}
{"level":"http","message":"POST /manager/signup 400 24 - 349.800 ms","timestamp":"2024-01-30T09:50:04.104Z"}
{"level":"http","message":"POST /manager/signup 400 24 - 236.574 ms","timestamp":"2024-01-30T09:51:34.391Z"}
{"level":"http","message":"POST /manager/signup 200 328 - 785.108 ms","timestamp":"2024-01-30T09:52:34.093Z"}
{"level":"http","message":"POST /manager/login 200 136 - 2767.421 ms","timestamp":"2024-01-30T09:53:15.109Z"}
{"level":"http","message":"GET /role/getSpecificRole/6567a0c5ed3eab74e96ad3a7 200 221 - 322.465 ms","timestamp":"2024-01-30T09:53:20.608Z"}
{"level":"http","message":"POST /employee/signup 400 18 - 7.102 ms","timestamp":"2024-01-30T09:53:47.651Z"}
{"level":"http","message":"POST /manager/signup 200 328 - 784.832 ms","timestamp":"2024-01-30T09:55:35.109Z"}
{"level":"http","message":"POST /manager/login 200 136 - 784.118 ms","timestamp":"2024-01-30T09:55:46.449Z"}
{"level":"http","message":"GET /role/getSpecificRole/6567a0c5ed3eab74e96ad3a7 200 221 - 224.989 ms","timestamp":"2024-01-30T09:55:56.027Z"}
{"level":"http","message":"POST /employee/signup 400 18 - 10.079 ms","timestamp":"2024-01-30T09:56:14.205Z"}
{"level":"http","message":"POST /manager/signup 200 328 - 686.378 ms","timestamp":"2024-01-30T09:58:26.236Z"}
{"level":"http","message":"POST /manager/login 200 136 - 644.508 ms","timestamp":"2024-01-30T09:58:36.273Z"}
{"level":"http","message":"GET /role/getSpecificRole/6567a0c5ed3eab74e96ad3a7 200 221 - 221.458 ms","timestamp":"2024-01-30T09:58:49.858Z"}
{"level":"http","message":"POST /employee/signup 400 18 - 1.109 ms","timestamp":"2024-01-30T09:58:58.539Z"}
{"level":"http","message":"GET /role/getSpecificRole/6567a0c5ed3eab74e96ad3a7 200 221 - 226.585 ms","timestamp":"2024-01-30T09:59:21.142Z"}
{"level":"http","message":"POST /employee/signup 400 18 - 3.792 ms","timestamp":"2024-01-30T09:59:41.016Z"}
{"level":"http","message":"GET /role/getSpecificRole/6567a0c5ed3eab74e96ad3a7 200 221 - 218.744 ms","timestamp":"2024-01-30T10:01:53.756Z"}
{"level":"http","message":"POST /manager/login 200 136 - 643.813 ms","timestamp":"2024-01-30T10:02:07.138Z"}
{"level":"http","message":"GET /role/getSpecificRole/6567a0c5ed3eab74e96ad3a7 200 221 - 213.053 ms","timestamp":"2024-01-30T10:02:10.554Z"}
{"level":"http","message":"GET /role/getSpecificRole/6567a0c5ed3eab74e96ad3a7 200 221 - 228.031 ms","timestamp":"2024-01-30T10:03:42.138Z"}
{"level":"http","message":"POST /employee/signup 400 18 - 3.015 ms","timestamp":"2024-01-30T10:04:03.134Z"}
{"level":"http","message":"GET /role/getSpecificRole/6567a0c5ed3eab74e96ad3a7 200 221 - 228.047 ms","timestamp":"2024-01-30T10:10:29.222Z"}
{"level":"http","message":"POST /employee/signup 400 18 - 3.753 ms","timestamp":"2024-01-30T10:10:50.974Z"}
{"level":"http","message":"GET /role/getSpecificRole/6567a0c5ed3eab74e96ad3a7 200 221 - 198.621 ms","timestamp":"2024-01-30T10:14:58.575Z"}
{"level":"http","message":"POST /employee/signup 400 18 - 2.274 ms","timestamp":"2024-01-30T10:15:21.541Z"}
{"level":"http","message":"GET /role/getSpecificRole/6567a0c5ed3eab74e96ad3a7 200 221 - 239.519 ms","timestamp":"2024-01-30T10:44:44.459Z"}
{"level":"http","message":"POST /employee/signup 400 67 - 11.339 ms","timestamp":"2024-01-30T10:45:05.039Z"}
{"level":"http","message":"GET /role/getSpecificRole/6567a0c5ed3eab74e96ad3a7 200 221 - 243.856 ms","timestamp":"2024-01-30T10:47:50.228Z"}
{"level":"http","message":"POST /employee/signup 200 326 - 659.034 ms","timestamp":"2024-01-30T10:48:12.214Z"}
{"level":"http","message":"POST /employee/login 200 134 - 2917.449 ms","timestamp":"2024-01-30T10:48:41.066Z"}
{"level":"http","message":"GET /role/getSpecificRole/6563a42f32f8f89b5d94d160 200 222 - 248.531 ms","timestamp":"2024-01-30T10:59:52.999Z"}
{"level":"http","message":"GET /role/get 200 533 - 226.078 ms","timestamp":"2024-01-30T11:00:20.354Z"}
{"level":"http","message":"GET /role/getSpecificRole/6563a42f32f8f89b5d94d160 200 222 - 216.499 ms","timestamp":"2024-01-30T11:02:25.274Z"}
{"level":"http","message":"GET /role/getSpecificRole/6563a42f32f8f89b5d94d160 200 222 - 214.194 ms","timestamp":"2024-01-30T11:03:00.746Z"}
{"level":"http","message":"GET /role/getSpecificRole/6563a42f32f8f89b5d94d160 200 222 - 219.889 ms","timestamp":"2024-01-30T11:03:17.211Z"}
{"level":"http","message":"POST /customer/register 200 182 - 267.241 ms","timestamp":"2024-01-30T11:03:17.791Z"}
{"level":"http","message":"POST /order/add 400 25 - 681.589 ms","timestamp":"2024-01-30T11:03:57.522Z"}
{"level":"http","message":"POST /order/add 400 2 - 10090.006 ms","timestamp":"2024-01-30T11:06:08.657Z"}
{"level":"http","message":"POST /order/add 400 25 - 697.282 ms","timestamp":"2024-01-30T11:07:00.279Z"}
{"level":"http","message":"POST /order/add 400 25 - 735.782 ms","timestamp":"2024-01-30T11:08:14.789Z"}
{"level":"http","message":"POST /order/add 200 727 - 5447.023 ms","timestamp":"2024-01-30T11:09:30.878Z"}
{"level":"http","message":"POST /manager/signup 200 328 - 684.053 ms","timestamp":"2024-01-30T11:14:25.666Z"}
{"level":"http","message":"GET /role/getSpecificRole/6567a0c5ed3eab74e96ad3a7 200 221 - 209.404 ms","timestamp":"2024-01-30T11:15:15.491Z"}
{"level":"http","message":"POST /manager/login 200 136 - 13493.850 ms","timestamp":"2024-01-30T11:16:14.874Z"}
{"level":"http","message":"GET /role/getSpecificRole/6567a0c5ed3eab74e96ad3a7 200 221 - 216.020 ms","timestamp":"2024-01-30T11:16:45.562Z"}
{"level":"http","message":"POST /employee/signup 200 326 - 649.385 ms","timestamp":"2024-01-30T11:17:14.000Z"}
{"level":"http","message":"POST /order/add 400 25 - 766.106 ms","timestamp":"2024-01-30T11:18:03.115Z"}
{"level":"http","message":"GET /role/getSpecificRole/6563a42f32f8f89b5d94d160 200 222 - 216.165 ms","timestamp":"2024-01-30T11:18:22.632Z"}
{"level":"http","message":"POST /customer/register 200 182 - 242.895 ms","timestamp":"2024-01-30T11:18:23.143Z"}
{"level":"http","message":"POST /order/add 200 727 - 4898.303 ms","timestamp":"2024-01-30T11:19:19.064Z"}
{"level":"http","message":"POST /order/add 200 727 - 5407.039 ms","timestamp":"2024-01-30T11:22:36.178Z"}
{"level":"http","message":"POST /order/add 200 727 - 6341.810 ms","timestamp":"2024-01-30T11:22:44.339Z"}
{"level":"http","message":"POST /order/add 200 727 - 4998.808 ms","timestamp":"2024-01-30T11:23:00.447Z"}
{"level":"http","message":"POST /order/orderWithRewardCoins 400 25 - 782.887 ms","timestamp":"2024-01-30T11:23:20.010Z"}
{"level":"http","message":"POST /order/orderWithRewardCoins 400 25 - 766.224 ms","timestamp":"2024-01-30T11:23:22.426Z"}
{"level":"http","message":"POST /order/orderWithRewardCoins 200 375 - 4232.819 ms","timestamp":"2024-01-30T11:23:34.998Z"}
